Initializing Amazon SP-API client...
Looking up Amazon order: 026-5585200-4785105
Retrieving order details...
Order details retrieved successfully
Retrieving order items...
Retrieved 8 order items
All Amazon order data saved to amazon-order-complete-data.json

=== Data Summary ===
Order Details:
- Order Status: Unshipped
- Purchase Date: 2025-04-16T06:42:30Z
- Order Total: 25.41 GBP
- Buyer Email: 2ptwt8bm2dvt2mb@marketplace.amazon.co.uk
- Buyer Name: N/A

Order Items:
- Item 1: Personalised Keyring - Custom 3D Name Tag with 24 ...
  SKU: PER-KEY3D-STY3-Y3D, ASIN: B0CVJSLFC3, Quantity: 1
  Product Info: 1 fields - NumberOfItems
- Item 2: Personalised Keyring - Custom 3D Name Tag with 24 ...
  SKU: PER-KEY3D-STY3-Y3D, ASIN: B0CVJSLFC3, Quantity: 1
  Product Info: 1 fields - NumberOfItems
- Item 3: Personalised Keyring - Custom 3D Name Tag with 24 ...
  SKU: PER-KEY3D-STY3-Y3D, ASIN: B0CVJSLFC3, Quantity: 1
  Product Info: 1 fields - NumberOfItems
- Item 4: Personalised Keyring - Custom 3D Name Tag with 24 ...
  SKU: PER-KEY3D-STY3-Y3D, ASIN: B0CVJSLFC3, Quantity: 1
  Product Info: 1 fields - NumberOfItems
- Item 5: Personalised Keyring - Custom 3D Name Tag with 24 ...
  SKU: PER-KEY3D-STY3-Y3D, ASIN: B0CVJSLFC3, Quantity: 1
  Product Info: 1 fields - NumberOfItems
- Item 6: Personalised Keyring - Custom 3D Name Tag with 24 ...
  SKU: PER-KEY3D-STY3-Y3D, ASIN: B0CVJSLFC3, Quantity: 1
  Product Info: 1 fields - NumberOfItems
- Item 7: Personalised Keyring - Custom 3D Name Tag with 24 ...
  SKU: PER-KEY3D-STY3-Y3D, ASIN: B0CVJSLFC3, Quantity: 1
  Product Info: 1 fields - NumberOfItems
- Item 8: Personalised Keyring - Custom 3D Name Tag with 24 ...
  SKU: PER-KEY3D-STY3-Y3D, ASIN: B0CVJSLFC3, Quantity: 1
  Product Info: 1 fields - NumberOfItems

Recommendation:
Check the print_settings field in your database for customization data
Full details available in amazon-order-complete-data.json
