Initializing Amazon SP-API client...
Looking up Amazon order: 026-5585200-4785105
Retrieving order items...
Complete API response saved to amazon-order-items-response.json
Found 8 order items

=== Checking for Customization Data ===
Order Total: { CurrencyCode: 'GBP', Amount: '25.41' }
Buyer Email: 2ptwt8bm2dvt2mb@marketplace.amazon.co.uk

--- Item 1: Personalised Keyring - Custom 3D Name Tag with 24 Colours for Kids' Bags & Party Favours | Unique Personalised Gifts for Kids | 2-Colour Design Keychain for School Bags & Stocking Fillers ---
ASIN: B0CVJSLFC3
SKU: PER-KEY3D-STY3-Y3D
Quantity: 1
Product Info: {
  "NumberOfItems": "1"
}
Buyer Info: {}

--- Item 2: Personalised Keyring - Custom 3D Name Tag with 24 Colours for Kids' Bags & Party Favours | Unique Personalised Gifts for Kids | 2-Colour Design Keychain for School Bags & Stocking Fillers ---
ASIN: B0CVJSLFC3
SKU: PER-KEY3D-STY3-Y3D
Quantity: 1
Product Info: {
  "NumberOfItems": "1"
}
Buyer Info: {}

--- Item 3: Personalised Keyring - Custom 3D Name Tag with 24 Colours for Kids' Bags & Party Favours | Unique Personalised Gifts for Kids | 2-Colour Design Keychain for School Bags & Stocking Fillers ---
ASIN: B0CVJSLFC3
SKU: PER-KEY3D-STY3-Y3D
Quantity: 1
Product Info: {
  "NumberOfItems": "1"
}
Buyer Info: {}

--- Item 4: Personalised Keyring - Custom 3D Name Tag with 24 Colours for Kids' Bags & Party Favours | Unique Personalised Gifts for Kids | 2-Colour Design Keychain for School Bags & Stocking Fillers ---
ASIN: B0CVJSLFC3
SKU: PER-KEY3D-STY3-Y3D
Quantity: 1
Product Info: {
  "NumberOfItems": "1"
}
Buyer Info: {}

--- Item 5: Personalised Keyring - Custom 3D Name Tag with 24 Colours for Kids' Bags & Party Favours | Unique Personalised Gifts for Kids | 2-Colour Design Keychain for School Bags & Stocking Fillers ---
ASIN: B0CVJSLFC3
SKU: PER-KEY3D-STY3-Y3D
Quantity: 1
Product Info: {
  "NumberOfItems": "1"
}
Buyer Info: {}

--- Item 6: Personalised Keyring - Custom 3D Name Tag with 24 Colours for Kids' Bags & Party Favours | Unique Personalised Gifts for Kids | 2-Colour Design Keychain for School Bags & Stocking Fillers ---
ASIN: B0CVJSLFC3
SKU: PER-KEY3D-STY3-Y3D
Quantity: 1
Product Info: {
  "NumberOfItems": "1"
}
Buyer Info: {}

--- Item 7: Personalised Keyring - Custom 3D Name Tag with 24 Colours for Kids' Bags & Party Favours | Unique Personalised Gifts for Kids | 2-Colour Design Keychain for School Bags & Stocking Fillers ---
ASIN: B0CVJSLFC3
SKU: PER-KEY3D-STY3-Y3D
Quantity: 1
Product Info: {
  "NumberOfItems": "1"
}
Buyer Info: {}

--- Item 8: Personalised Keyring - Custom 3D Name Tag with 24 Colours for Kids' Bags & Party Favours | Unique Personalised Gifts for Kids | 2-Colour Design Keychain for School Bags & Stocking Fillers ---
ASIN: B0CVJSLFC3
SKU: PER-KEY3D-STY3-Y3D
Quantity: 1
Product Info: {
  "NumberOfItems": "1"
}
Buyer Info: {}

=== Looking for Print Settings in Database ===
Check your database OrderItem model for print_settings field
Sample query: await prisma.orderItem.findFirst({ where: { orderId: <order_id> }, select: { print_settings: true } })
